This is pdfTeX, Version 3.1415926-1.40.10 (MiKTeX 2.8) (preloaded format=pdflatex 2010.12.1)  1 DEC 2010 16:10
entering extended mode
**C:/Users/wo/Documents/Studium/WS1011/Labor*Nanoelektronik/Nanolab-OLED/Ausarb
eitung/thesis.tex

("C:/Users/wo/Documents/Studium/WS1011/Labor Nanoelektronik/Nanolab-OLED/Ausarb
eitung/thesis.tex"
LaTeX2e <2009/09/24>
Babel <v3.8l> and hyphenation patterns for english, dumylang, nohyphenation, ge
rman, ngerman, german-x-2009-06-19, ngerman-x-2009-06-19, french, loaded.

("C:\Users\wo\Documents\Studium\WS1011\Labor Nanoelektronik\Nanolab-OLED\Ausarb
eitung\thesisclass.cls"
Document Class: thesisclass 
(C:\Users\wo\AppData\Roaming\MiKTeX\2.8\tex\latex\koma-script\scrbook.cls
Document Class: scrbook 2009/07/24 v3.04a KOMA-Script document class (book)
(C:\Users\wo\AppData\Roaming\MiKTeX\2.8\tex\latex\koma-script\scrkbase.sty
Package: scrkbase 2009/07/24 v3.04a KOMA-Script package (KOMA-Script-dependent 
basics and keyval usage)

(C:\Users\wo\AppData\Roaming\MiKTeX\2.8\tex\latex\koma-script\scrbase.sty
Package: scrbase 2009/07/24 v3.04a KOMA-Script package (KOMA-Script-independent
 basics and keyval usage)

(D:\Office\MiKTeX\tex\latex\graphics\keyval.sty
Package: keyval 1999/03/16 v1.13 key=value parser (DPC)
\KV@toks@=\toks14
)
(C:\Users\wo\AppData\Roaming\MiKTeX\2.8\tex\latex\koma-script\scrlfile.sty
Package: scrlfile 2009/03/25 v3.03 KOMA-Script package (loading files)

Package scrlfile, 2009/03/25 v3.03 KOMA-Script package (loading files)
                  Copyright (C) Markus Kohm

))) (C:\Users\wo\AppData\Roaming\MiKTeX\2.8\tex\latex\koma-script\tocbasic.sty
Package: tocbasic 2009/06/08 v3.03b KOMA-Script package (handling toc-files)
)
Package tocbasic Info: omitting babel extension for `toc'
(tocbasic)             because of feature `nobabel' available
(tocbasic)             for `toc' on input line 117.
Package tocbasic Info: omitting babel extension for `lof'
(tocbasic)             because of feature `nobabel' available
(tocbasic)             for `lof' on input line 118.
Package tocbasic Info: omitting babel extension for `lot'
(tocbasic)             because of feature `nobabel' available
(tocbasic)             for `lot' on input line 119.
Package scrbook Info: You've used obsolete option `12pt'.
(scrbook)             \KOMAExecuteOptions{fontsize=12pt} will be
(scrbook)             used instead.
(scrbook)             You may simply replace `12pt'
(scrbook)             by `fontsize=12pt'.
Class scrbook Info: File `scrsize12pt.clo' used to setup font sizes on input li
ne 1272.
(C:\Users\wo\AppData\Roaming\MiKTeX\2.8\tex\latex\koma-script\scrsize12pt.clo
File: scrsize12pt.clo 2009/07/24 v3.04a KOMA-Script font size class option (12p
t)
)
(C:\Users\wo\AppData\Roaming\MiKTeX\2.8\tex\latex\koma-script\typearea.sty
Package: typearea 2009/07/24 v3.04a KOMA-Script package (type area)

Package typearea, 2009/07/24 v3.04a KOMA-Script package (type area)
                  Copyright (C) Frank Neukam, 1992-1994
                  Copyright (C) Markus Kohm, 1994-

\ta@bcor=\skip41
\ta@div=\count79
\ta@hblk=\skip42
\ta@vblk=\skip43
\ta@temp=\skip44
Package typearea Info: These are the values describing the layout:
(typearea)             DIV  = 12
(typearea)             BCOR = 0.0pt
(typearea)             \paperwidth      = 597.50793pt
(typearea)              \textwidth      = 448.13095pt
(typearea)              DIV departure   = -6%
(typearea)              \evensidemargin = 27.31467pt
(typearea)              \oddsidemargin  = -22.47766pt
(typearea)             \paperheight     = 845.04694pt
(typearea)              \textheight     = 635.5pt
(typearea)              \topmargin      = -41.72441pt
(typearea)              \headheight     = 18.125pt
(typearea)              \headsep        = 21.75pt
(typearea)              \topskip        = 12.0pt
(typearea)              \footskip       = 50.75pt
(typearea)              \baselineskip   = 14.5pt
(typearea)              on input line 1115.
)
\c@part=\count80
\c@chapter=\count81
\c@section=\count82
\c@subsection=\count83
\c@subsubsection=\count84
\c@paragraph=\count85
\c@subparagraph=\count86
\abovecaptionskip=\skip45
\belowcaptionskip=\skip46
\c@pti@nb@sid@b@x=\box26
\c@figure=\count87
\c@table=\count88
\bibindent=\dimen102
) (D:\Office\MiKTeX\tex\latex\base\fontenc.sty
Package: fontenc 2005/09/27 v1.99g Standard LaTeX package

(D:\Office\MiKTeX\tex\latex\base\t1enc.def
File: t1enc.def 2005/09/27 v1.99g Standard LaTeX file
LaTeX Font Info:    Redeclaring font encoding T1 on input line 43.
))
(D:\Office\MiKTeX\tex\latex\base\inputenc.sty
Package: inputenc 2008/03/30 v1.1d Input encoding file
\inpenc@prehook=\toks15
\inpenc@posthook=\toks16

(D:\Office\MiKTeX\tex\latex\base\latin1.def
File: latin1.def 2008/03/30 v1.1d Input encoding file
))
(D:\Office\MiKTeX\tex\latex\ae\ae.sty
Package: ae 2001/02/12 1.3 Almost European Computer Modern

(D:\Office\MiKTeX\tex\latex\base\fontenc.sty
Package: fontenc 2005/09/27 v1.99g Standard LaTeX package

(D:\Office\MiKTeX\tex\latex\base\t1enc.def
File: t1enc.def 2005/09/27 v1.99g Standard LaTeX file
LaTeX Font Info:    Redeclaring font encoding T1 on input line 43.
)
LaTeX Font Info:    Try loading font information for T1+aer on input line 100.

(D:\Office\MiKTeX\tex\latex\ae\t1aer.fd
File: t1aer.fd 1997/11/16 Font definitions for T1/aer.
)))
(D:\Office\MiKTeX\tex\latex\graphics\graphicx.sty
Package: graphicx 1999/02/16 v1.0f Enhanced LaTeX Graphics (DPC,SPQR)

(D:\Office\MiKTeX\tex\latex\graphics\graphics.sty
Package: graphics 2009/02/05 v1.0o Standard LaTeX Graphics (DPC,SPQR)

(D:\Office\MiKTeX\tex\latex\graphics\trig.sty
Package: trig 1999/03/16 v1.09 sin cos tan (DPC)
)
(D:\Office\MiKTeX\tex\latex\00miktex\graphics.cfg
File: graphics.cfg 2007/01/18 v1.5 graphics configuration of teTeX/TeXLive
)
Package graphics Info: Driver file: pdftex.def on input line 91.

(D:\Office\MiKTeX\tex\latex\pdftex-def\pdftex.def
File: pdftex.def 2009/08/25 v0.04m Graphics/color for pdfTeX
\Gread@gobject=\count89
))
\Gin@req@height=\dimen103
\Gin@req@width=\dimen104
)
(C:\Users\wo\AppData\Roaming\MiKTeX\2.8\tex\latex\ieeepes\vmargin.sty
Package: vmargin 1999/06/01

Package `vmargin', V2.2, <1999/06/01>
\PaperWidth=\dimen105
\PaperHeight=\dimen106
) (C:\Users\wo\AppData\Roaming\MiKTeX\2.8\tex\latex\fancyhdr\fancyhdr.sty
\fancy@headwidth=\skip47
\f@ncyO@elh=\skip48
\f@ncyO@erh=\skip49
\f@ncyO@olh=\skip50
\f@ncyO@orh=\skip51
\f@ncyO@elf=\skip52
\f@ncyO@erf=\skip53
\f@ncyO@olf=\skip54
\f@ncyO@orf=\skip55
)
(C:\Users\wo\AppData\Roaming\MiKTeX\2.8\tex\latex\subfigure\subfigure.sty
Package: subfigure 2002/07/30 v2.1.4 subfigure package
\subfigtopskip=\skip56
\subfigcapskip=\skip57
\subfigcaptopadj=\dimen107
\subfigbottomskip=\skip58
\subfigcapmargin=\dimen108
\subfiglabelskip=\skip59
\c@subfigure=\count90
\c@lofdepth=\count91
\c@subtable=\count92
\c@lotdepth=\count93

****************************************
* Local config file subfigure.cfg used *
****************************************
(C:\Users\wo\AppData\Roaming\MiKTeX\2.8\tex\latex\subfigure\subfigure.cfg)
\subfig@top=\skip60
\subfig@bottom=\skip61
)
(D:\Office\MiKTeX\tex\latex\ltxmisc\url.sty
\Urlmuskip=\muskip10
Package: url 2006/04/12  ver 3.3  Verb mode for urls, etc.
)
(C:\Users\wo\AppData\Roaming\MiKTeX\2.8\tex\latex\textpos\textpos.sty
Package: textpos 2009/05/28 v1.7f

Package: `textpos' 1.7f <2009 May 28>
(C:\Users\wo\AppData\Roaming\MiKTeX\2.8\tex\latex\ms\everyshi.sty
Package: everyshi 2001/05/15 v3.00 EveryShipout Package (MS)
)
\TP@textbox=\box27
\TP@holdbox=\box28
\TPHorizModule=\dimen109
\TPVertModule=\dimen110
\TP@margin=\dimen111
\TP@absmargin=\dimen112

Grid set 16 x 16 = 37.38425pt x 52.86877pt
\TPboxrulesize=\dimen113
\TP@ox=\dimen114
\TP@oy=\dimen115
\TP@tbargs=\toks17
\TP@prevdepth=\dimen116
TextBlockOrigin set to 0pt x 0pt
) (C:\Users\wo\AppData\Roaming\MiKTeX\2.8\tex\latex\pgf\frontendlayer\tikz.sty
(C:\Users\wo\AppData\Roaming\MiKTeX\2.8\tex\latex\pgf\basiclayer\pgf.sty
(C:\Users\wo\AppData\Roaming\MiKTeX\2.8\tex\latex\pgf\utilities\pgfrcs.sty
(C:\Users\wo\AppData\Roaming\MiKTeX\2.8\tex\generic\pgf\utilities\pgfutil-commo
n.tex
\pgfutil@everybye=\toks18
)
(C:\Users\wo\AppData\Roaming\MiKTeX\2.8\tex\generic\pgf\utilities\pgfutil-latex
.def)
(C:\Users\wo\AppData\Roaming\MiKTeX\2.8\tex\generic\pgf\utilities\pgfrcs.code.t
ex
Package: pgfrcs 2008/02/20 v2.00 (rcs-revision 1.21)
))
Package: pgf 2008/01/15 v2.00 (rcs-revision 1.12)

(C:\Users\wo\AppData\Roaming\MiKTeX\2.8\tex\latex\pgf\basiclayer\pgfcore.sty
(C:\Users\wo\AppData\Roaming\MiKTeX\2.8\tex\latex\pgf\systemlayer\pgfsys.sty
(C:\Users\wo\AppData\Roaming\MiKTeX\2.8\tex\generic\pgf\systemlayer\pgfsys.code
.tex
Package: pgfsys 2008/02/07 v2.00 (rcs-revision 1.31)

(C:\Users\wo\AppData\Roaming\MiKTeX\2.8\tex\generic\pgf\utilities\pgfkeys.code.
tex
\pgfkeys@pathtoks=\toks19
\pgfkeys@temptoks=\toks20
)
\pgf@x=\dimen117
\pgf@y=\dimen118
\pgf@xa=\dimen119
\pgf@ya=\dimen120
\pgf@xb=\dimen121
\pgf@yb=\dimen122
\pgf@xc=\dimen123
\pgf@yc=\dimen124
\c@pgf@counta=\count94
\c@pgf@countb=\count95
\c@pgf@countc=\count96
\c@pgf@countd=\count97

(C:\Users\wo\AppData\Roaming\MiKTeX\2.8\tex\generic\pgf\systemlayer\pgf.cfg
File: pgf.cfg 2008/01/13  (rcs-revision 1.6)
)
Package pgfsys Info: Driver file for pgf: pgfsys-pdftex.def on input line 885.

(C:\Users\wo\AppData\Roaming\MiKTeX\2.8\tex\generic\pgf\systemlayer\pgfsys-pdft
ex.def
File: pgfsys-pdftex.def 2007/12/20  (rcs-revision 1.20)

(C:\Users\wo\AppData\Roaming\MiKTeX\2.8\tex\generic\pgf\systemlayer\pgfsys-comm
on-pdf.def
File: pgfsys-common-pdf.def 2007/12/17  (rcs-revision 1.8)
)))
(C:\Users\wo\AppData\Roaming\MiKTeX\2.8\tex\generic\pgf\systemlayer\pgfsyssoftp
ath.code.tex
File: pgfsyssoftpath.code.tex 2008/01/23  (rcs-revision 1.6)
\pgfsyssoftpath@smallbuffer@items=\count98
\pgfsyssoftpath@bigbuffer@items=\count99
)
(C:\Users\wo\AppData\Roaming\MiKTeX\2.8\tex\generic\pgf\systemlayer\pgfsysproto
col.code.tex
File: pgfsysprotocol.code.tex 2006/10/16  (rcs-revision 1.4)
))
(C:\Users\wo\AppData\Roaming\MiKTeX\2.8\tex\latex\xcolor\xcolor.sty
Package: xcolor 2007/01/21 v2.11 LaTeX color extensions (UK)

(D:\Office\MiKTeX\tex\latex\00miktex\color.cfg
File: color.cfg 2007/01/18 v1.5 color configuration of teTeX/TeXLive
)
Package xcolor Info: Driver file: pdftex.def on input line 225.
LaTeX Info: Redefining \color on input line 702.
Package xcolor Info: Model `cmy' substituted by `cmy0' on input line 1337.
Package xcolor Info: Model `hsb' substituted by `rgb' on input line 1341.
Package xcolor Info: Model `RGB' extended on input line 1353.
Package xcolor Info: Model `HTML' substituted by `rgb' on input line 1355.
Package xcolor Info: Model `Hsb' substituted by `hsb' on input line 1356.
Package xcolor Info: Model `tHsb' substituted by `hsb' on input line 1357.
Package xcolor Info: Model `HSB' substituted by `hsb' on input line 1358.
Package xcolor Info: Model `Gray' substituted by `gray' on input line 1359.
Package xcolor Info: Model `wave' substituted by `hsb' on input line 1360.
)
(C:\Users\wo\AppData\Roaming\MiKTeX\2.8\tex\generic\pgf\basiclayer\pgfcore.code
.tex
Package: pgfcore 2008/01/15 v2.00 (rcs-revision 1.6)

(C:\Users\wo\AppData\Roaming\MiKTeX\2.8\tex\generic\pgf\math\pgfmath.code.tex
(C:\Users\wo\AppData\Roaming\MiKTeX\2.8\tex\generic\pgf\math\pgfmathcalc.code.t
ex
(C:\Users\wo\AppData\Roaming\MiKTeX\2.8\tex\generic\pgf\math\pgfmathutil.code.t
ex
\pgfmath@box=\box29
)
(C:\Users\wo\AppData\Roaming\MiKTeX\2.8\tex\generic\pgf\math\pgfmathparser.code
.tex
\pgfmath@stack=\toks21
\c@pgfmath@parsecounta=\count100
\c@pgfmath@parsecountb=\count101
\c@pgfmath@parsecountc=\count102
\pgfmath@parsex=\dimen125
)
(C:\Users\wo\AppData\Roaming\MiKTeX\2.8\tex\generic\pgf\math\pgfmathoperations.
code.tex
(C:\Users\wo\AppData\Roaming\MiKTeX\2.8\tex\generic\pgf\math\pgfmathtrig.code.t
ex)
(C:\Users\wo\AppData\Roaming\MiKTeX\2.8\tex\generic\pgf\math\pgfmathrnd.code.te
x))
(C:\Users\wo\AppData\Roaming\MiKTeX\2.8\tex\generic\pgf\math\pgfmathbase.code.t
ex)))
(C:\Users\wo\AppData\Roaming\MiKTeX\2.8\tex\generic\pgf\basiclayer\pgfcorepoint
s.code.tex
File: pgfcorepoints.code.tex 2008/02/03  (rcs-revision 1.13)
\pgf@picminx=\dimen126
\pgf@picmaxx=\dimen127
\pgf@picminy=\dimen128
\pgf@picmaxy=\dimen129
\pgf@pathminx=\dimen130
\pgf@pathmaxx=\dimen131
\pgf@pathminy=\dimen132
\pgf@pathmaxy=\dimen133
\pgf@xx=\dimen134
\pgf@xy=\dimen135
\pgf@yx=\dimen136
\pgf@yy=\dimen137
\pgf@zx=\dimen138
\pgf@zy=\dimen139
)
(C:\Users\wo\AppData\Roaming\MiKTeX\2.8\tex\generic\pgf\basiclayer\pgfcorepathc
onstruct.code.tex
File: pgfcorepathconstruct.code.tex 2008/02/13  (rcs-revision 1.14)
\pgf@path@lastx=\dimen140
\pgf@path@lasty=\dimen141
)
(C:\Users\wo\AppData\Roaming\MiKTeX\2.8\tex\generic\pgf\basiclayer\pgfcorepathu
sage.code.tex
File: pgfcorepathusage.code.tex 2008/01/23  (rcs-revision 1.11)
\pgf@shorten@end@additional=\dimen142
\pgf@shorten@start@additional=\dimen143
)
(C:\Users\wo\AppData\Roaming\MiKTeX\2.8\tex\generic\pgf\basiclayer\pgfcorescope
s.code.tex
File: pgfcorescopes.code.tex 2008/01/15  (rcs-revision 1.26)
\pgfpic=\box30
\pgf@hbox=\box31
\pgf@layerbox@main=\box32
\pgf@picture@serial@count=\count103
)
(C:\Users\wo\AppData\Roaming\MiKTeX\2.8\tex\generic\pgf\basiclayer\pgfcoregraph
icstate.code.tex
File: pgfcoregraphicstate.code.tex 2007/12/12  (rcs-revision 1.8)
\pgflinewidth=\dimen144
)
(C:\Users\wo\AppData\Roaming\MiKTeX\2.8\tex\generic\pgf\basiclayer\pgfcoretrans
formations.code.tex
File: pgfcoretransformations.code.tex 2008/02/04  (rcs-revision 1.10)
\pgf@pt@x=\dimen145
\pgf@pt@y=\dimen146
\pgf@pt@temp=\dimen147
)
(C:\Users\wo\AppData\Roaming\MiKTeX\2.8\tex\generic\pgf\basiclayer\pgfcorequick
.code.tex
File: pgfcorequick.code.tex 2006/10/11  (rcs-revision 1.2)
)
(C:\Users\wo\AppData\Roaming\MiKTeX\2.8\tex\generic\pgf\basiclayer\pgfcoreobjec
ts.code.tex
File: pgfcoreobjects.code.tex 2006/10/11  (rcs-revision 1.2)
)
(C:\Users\wo\AppData\Roaming\MiKTeX\2.8\tex\generic\pgf\basiclayer\pgfcorepathp
rocessing.code.tex
File: pgfcorepathprocessing.code.tex 2008/01/23  (rcs-revision 1.7)
)
(C:\Users\wo\AppData\Roaming\MiKTeX\2.8\tex\generic\pgf\basiclayer\pgfcorearrow
s.code.tex
File: pgfcorearrows.code.tex 2007/06/07  (rcs-revision 1.8)
)
(C:\Users\wo\AppData\Roaming\MiKTeX\2.8\tex\generic\pgf\basiclayer\pgfcoreshade
.code.tex
File: pgfcoreshade.code.tex 2007/12/10  (rcs-revision 1.9)
\pgf@max=\dimen148
\pgf@sys@shading@range@num=\count104
)
(C:\Users\wo\AppData\Roaming\MiKTeX\2.8\tex\generic\pgf\basiclayer\pgfcoreimage
.code.tex
File: pgfcoreimage.code.tex 2008/01/15  (rcs-revision 1.1)
\pgfexternal@startupbox=\box33
)
(C:\Users\wo\AppData\Roaming\MiKTeX\2.8\tex\generic\pgf\basiclayer\pgfcorelayer
s.code.tex
File: pgfcorelayers.code.tex 2008/01/15  (rcs-revision 1.1)
)
(C:\Users\wo\AppData\Roaming\MiKTeX\2.8\tex\generic\pgf\basiclayer\pgfcoretrans
parency.code.tex
File: pgfcoretransparency.code.tex 2008/01/17  (rcs-revision 1.2)
)
(C:\Users\wo\AppData\Roaming\MiKTeX\2.8\tex\generic\pgf\basiclayer\pgfcorepatte
rns.code.tex
File: pgfcorepatterns.code.tex 2008/01/15  (rcs-revision 1.1)
)))
(C:\Users\wo\AppData\Roaming\MiKTeX\2.8\tex\generic\pgf\modules\pgfmoduleshapes
.code.tex
File: pgfmoduleshapes.code.tex 2008/02/13  (rcs-revision 1.4)
\pgfnodeparttextbox=\box34
\toks@savedmacro=\toks22
)
(C:\Users\wo\AppData\Roaming\MiKTeX\2.8\tex\generic\pgf\modules\pgfmoduleplot.c
ode.tex
File: pgfmoduleplot.code.tex 2008/01/15  (rcs-revision 1.1)
\pgf@plotwrite=\write3
)
(C:\Users\wo\AppData\Roaming\MiKTeX\2.8\tex\latex\pgf\compatibility\pgfcomp-ver
sion-0-65.sty
Package: pgfcomp-version-0-65 2007/07/03 v2.00 (rcs-revision 1.7)
\pgf@nodesepstart=\dimen149
\pgf@nodesepend=\dimen150
)
(C:\Users\wo\AppData\Roaming\MiKTeX\2.8\tex\latex\pgf\compatibility\pgfcomp-ver
sion-1-18.sty
Package: pgfcomp-version-1-18 2007/07/23 v2.00 (rcs-revision 1.1)
))
(C:\Users\wo\AppData\Roaming\MiKTeX\2.8\tex\latex\pgf\utilities\pgffor.sty
(C:\Users\wo\AppData\Roaming\MiKTeX\2.8\tex\generic\pgf\utilities\pgffor.code.t
ex
Package: pgffor 2007/11/07 v2.00 (rcs-revision 1.8)
\pgffor@iter=\dimen151
\pgffor@skip=\dimen152
))
(C:\Users\wo\AppData\Roaming\MiKTeX\2.8\tex\generic\pgf\frontendlayer\tikz\tikz
.code.tex
Package: tikz 2008/02/13 v2.00 (rcs-revision 1.27)

(C:\Users\wo\AppData\Roaming\MiKTeX\2.8\tex\generic\pgf\libraries\pgflibraryplo
thandlers.code.tex
File: pgflibraryplothandlers.code.tex 2007/03/09 v2.00 (rcs-revision 1.9)
\pgf@plot@mark@count=\count105
\pgfplotmarksize=\dimen153
)
\tikz@lastx=\dimen154
\tikz@lasty=\dimen155
\tikz@lastxsaved=\dimen156
\tikz@lastysaved=\dimen157
\tikzleveldistance=\dimen158
\tikzsiblingdistance=\dimen159
\tikz@figbox=\box35
\tikz@tempbox=\box36
\tikztreelevel=\count106
\tikznumberofchildren=\count107
\tikznumberofcurrentchild=\count108
\tikz@fig@count=\count109

(C:\Users\wo\AppData\Roaming\MiKTeX\2.8\tex\generic\pgf\modules\pgfmodulematrix
.code.tex
File: pgfmodulematrix.code.tex 2008/01/15  (rcs-revision 1.1)
\pgfmatrixcurrentrow=\count110
\pgfmatrixcurrentcolumn=\count111
\pgf@matrix@numberofcolumns=\count112
)
\tikz@expandcount=\count113

(C:\Users\wo\AppData\Roaming\MiKTeX\2.8\tex\generic\pgf\frontendlayer\tikz\libr
aries\tikzlibrarytopaths.code.tex
File: tikzlibrarytopaths.code.tex 2008/01/09 v2.00 (rcs-revision 1.1)
)))
(D:\Office\MiKTeX\tex\generic\babel\babel.sty
Package: babel 2008/07/06 v3.8l The Babel package

*************************************
* Local config file bblopts.cfg used
*
(D:\Office\MiKTeX\tex\latex\00miktex\bblopts.cfg
File: bblopts.cfg 2006/07/31 v1.0 MiKTeX 'babel' configuration
)
(D:\Office\MiKTeX\tex\generic\babel\germanb.ldf
Language: germanb 2008/06/01 v2.6m German support from the babel system

(D:\Office\MiKTeX\tex\generic\babel\babel.def
File: babel.def 2008/07/06 v3.8l Babel common definitions
\babel@savecnt=\count114
\U@D=\dimen160
)
\l@austrian = a dialect from \language\l@german 
Package babel Info: Making " an active character on input line 102.
)
(D:\Office\MiKTeX\tex\generic\babel\english.ldf
Language: english 2005/03/30 v3.3o English support from the babel system
\l@canadian = a dialect from \language\l@american 
\l@australian = a dialect from \language\l@british 
\l@newzealand = a dialect from \language\l@british 
)
(D:\Office\MiKTeX\tex\generic\babel\ngermanb.ldf
Language: ngermanb 2008/07/06 v2.6n new German support from the babel system
\l@naustrian = a dialect from \language\l@ngerman 
))
(D:\Office\MiKTeX\tex\latex\ams\math\amsmath.sty
Package: amsmath 2000/07/18 v2.13 AMS math features
\@mathmargin=\skip62

For additional information on amsmath, use the `?' option.
(D:\Office\MiKTeX\tex\latex\ams\math\amstext.sty
Package: amstext 2000/06/29 v2.01

(D:\Office\MiKTeX\tex\latex\ams\math\amsgen.sty
File: amsgen.sty 1999/11/30 v2.0
\@emptytoks=\toks23
\ex@=\dimen161
))
(D:\Office\MiKTeX\tex\latex\ams\math\amsbsy.sty
Package: amsbsy 1999/11/29 v1.2d
\pmbraise@=\dimen162
)
(D:\Office\MiKTeX\tex\latex\ams\math\amsopn.sty
Package: amsopn 1999/12/14 v2.01 operator names
)
\inf@bad=\count115
LaTeX Info: Redefining \frac on input line 211.
\uproot@=\count116
\leftroot@=\count117
LaTeX Info: Redefining \overline on input line 307.
\classnum@=\count118
\DOTSCASE@=\count119
LaTeX Info: Redefining \ldots on input line 379.
LaTeX Info: Redefining \dots on input line 382.
LaTeX Info: Redefining \cdots on input line 467.
\Mathstrutbox@=\box37
\strutbox@=\box38
\big@size=\dimen163
LaTeX Font Info:    Redeclaring font encoding OML on input line 567.
LaTeX Font Info:    Redeclaring font encoding OMS on input line 568.
\macc@depth=\count120
\c@MaxMatrixCols=\count121
\dotsspace@=\muskip11
\c@parentequation=\count122
\dspbrk@lvl=\count123
\tag@help=\toks24
\row@=\count124
\column@=\count125
\maxfields@=\count126
\andhelp@=\toks25
\eqnshift@=\dimen164
\alignsep@=\dimen165
\tagshift@=\dimen166
\tagwidth@=\dimen167
\totwidth@=\dimen168
\lineht@=\dimen169
\@envbody=\toks26
\multlinegap=\skip63
\multlinetaggap=\skip64
\mathdisplay@stack=\toks27
LaTeX Info: Redefining \[ on input line 2666.
LaTeX Info: Redefining \] on input line 2667.
)
(D:\Office\MiKTeX\tex\latex\amsfonts\amssymb.sty
Package: amssymb 2009/06/22 v3.00

(D:\Office\MiKTeX\tex\latex\amsfonts\amsfonts.sty
Package: amsfonts 2009/06/22 v3.00 Basic AMSFonts support
\symAMSa=\mathgroup4
\symAMSb=\mathgroup5
LaTeX Font Info:    Overwriting math alphabet `\mathfrak' in version `bold'
(Font)                  U/euf/m/n --> U/euf/b/n on input line 96.
))
(C:\Users\wo\AppData\Roaming\MiKTeX\2.8\tex\latex\natbib\natbib.sty
Package: natbib 2009/07/16 8.31 (PWD, AO)
\bibhang=\skip65
\bibsep=\skip66
LaTeX Info: Redefining \cite on input line 694.
\c@NAT@ctr=\count127
)
(C:\Users\wo\AppData\Roaming\MiKTeX\2.8\tex\latex\was\upgreek.sty
Package: upgreek 2003/02/12 v2.0 (WaS)
Package upgreek Info: Using Euler Roman for upright Greek on input line 31.
\symugrf@m=\mathgroup6
LaTeX Font Info:    Overwriting symbol font `ugrf@m' in version `bold'
(Font)                  U/eur/m/n --> U/eur/b/n on input line 38.
)
(C:\Users\wo\AppData\Roaming\MiKTeX\2.8\tex\latex\caption\caption.sty
Package: caption 2009/10/09 v3.1k Customizing captions (AR)

(C:\Users\wo\AppData\Roaming\MiKTeX\2.8\tex\latex\caption\caption3.sty
Package: caption3 2009/10/09 v3.1k caption3 kernel (AR)
\captionmargin=\dimen170
\captionmargin@=\dimen171
\captionwidth=\dimen172
\caption@indent=\dimen173
\caption@parindent=\dimen174
\caption@hangindent=\dimen175
)
Package caption Info: KOMA-Script document class.
\c@ContinuedFloat=\count128
Package caption Info: subfigure package is loaded.
)
(C:\Users\wo\AppData\Roaming\MiKTeX\2.8\tex\latex\setspace\setspace.sty
Package: setspace 2000/12/01 6.7 Contributed and Supported LaTeX2e package

Package: `setspace' 6.7 <2000/12/01>
) (C:\Users\wo\AppData\Roaming\MiKTeX\2.8\tex\latex\colortbl\colortbl.sty
Package: colortbl 2001/02/13 v0.1j Color table columns (DPC)

(D:\Office\MiKTeX\tex\latex\tools\array.sty
Package: array 2008/09/09 v2.4c Tabular extension package (FMi)
\col@sep=\dimen176
\extrarowheight=\dimen177
\NC@list=\toks28
\extratabsurround=\skip67
\backup@length=\skip68
)
\everycr=\toks29
\minrowclearance=\skip69
)
(C:\Users\wo\AppData\Roaming\MiKTeX\2.8\tex\latex\booktabs\booktabs.sty
Package: booktabs 2005/04/14 v1.61803 publication quality tables
\heavyrulewidth=\dimen178
\lightrulewidth=\dimen179
\cmidrulewidth=\dimen180
\belowrulesep=\dimen181
\belowbottomsep=\dimen182
\aboverulesep=\dimen183
\abovetopsep=\dimen184
\cmidrulesep=\dimen185
\cmidrulekern=\dimen186
\defaultaddspace=\dimen187
\@cmidla=\count129
\@cmidlb=\count130
\@aboverulesep=\dimen188
\@belowrulesep=\dimen189
\@thisruleclass=\count131
\@lastruleclass=\count132
\@thisrulewidth=\dimen190
)
(D:\Office\MiKTeX\tex\latex\ltxmisc\ulem.sty
\UL@box=\box39
\UL@hyphenbox=\box40
\UL@skip=\skip70
\UL@hook=\toks30
\UL@pe=\count133
\UL@pixel=\dimen191
\ULC@box=\box41
Package: ulem 2000/05/26
\ULdepth=\dimen192
)
(C:\Users\wo\AppData\Roaming\MiKTeX\2.8\tex\latex\listings\listings.sty
\lst@mode=\count134
\lst@gtempboxa=\box42
\lst@token=\toks31
\lst@length=\count135
\lst@currlwidth=\dimen193
\lst@column=\count136
\lst@pos=\count137
\lst@lostspace=\dimen194
\lst@width=\dimen195
\lst@newlines=\count138
\lst@lineno=\count139
\lst@maxwidth=\dimen196

(C:\Users\wo\AppData\Roaming\MiKTeX\2.8\tex\latex\listings\lstmisc.sty
File: lstmisc.sty 2007/02/22 1.4 (Carsten Heinz)
\c@lstnumber=\count140
\lst@skipnumbers=\count141
\lst@framebox=\box43
)
(C:\Users\wo\AppData\Roaming\MiKTeX\2.8\tex\latex\listings\listings.cfg
File: listings.cfg 2007/02/22 1.4 listings configuration
))
Package: listings 2007/02/22 1.4 (Carsten Heinz)

(C:\Users\wo\AppData\Roaming\MiKTeX\2.8\tex\latex\listings\lstlang1.sty
File: lstlang1.sty 2004/09/05 1.3 listings language file
)
(D:\Office\MiKTeX\tex\latex\base\alltt.sty
Package: alltt 1997/06/16 v2.0g defines alltt environment
)
(C:\Users\wo\AppData\Roaming\MiKTeX\2.8\tex\latex\changepage\changepage.sty
Package: changepage 2009/10/20 v1.0c check page and change page layout
\c@cp@cntr=\count142
\cp@tempcnt=\count143
)
(D:\Office\MiKTeX\tex\latex\hyperref\hyperref.sty
Package: hyperref 2009/10/19 v6.79b Hypertext links for LaTeX

(D:\Office\MiKTeX\tex\generic\oberdiek\ifpdf.sty
Package: ifpdf 2009/04/10 v2.0 Provides the ifpdf switch (HO)
Package ifpdf Info: pdfTeX in pdf mode detected.
)
(D:\Office\MiKTeX\tex\generic\oberdiek\ifvtex.sty
Package: ifvtex 2008/11/04 v1.4 Switches for detecting VTeX and its modes (HO)
Package ifvtex Info: VTeX not detected.
)
(D:\Office\MiKTeX\tex\latex\ifxetex\ifxetex.sty
Package: ifxetex 2009/01/23 v0.5 Provides ifxetex conditional
)
(D:\Office\MiKTeX\tex\latex\oberdiek\hycolor.sty
Package: hycolor 2009/10/02 v1.5 Code for color options of hyperref/bookmark (H
O)

(D:\Office\MiKTeX\tex\latex\oberdiek\xcolor-patch.sty
Package: xcolor-patch 2009/10/02 xcolor patch
))
\@linkdim=\dimen197
\Hy@linkcounter=\count144
\Hy@pagecounter=\count145

(D:\Office\MiKTeX\tex\latex\hyperref\pd1enc.def
File: pd1enc.def 2009/10/19 v6.79b Hyperref: PDFDocEncoding definition (HO)
)
(D:\Office\MiKTeX\tex\generic\oberdiek\etexcmds.sty
Package: etexcmds 2007/12/12 v1.2 Prefix for e-TeX command names (HO)

(D:\Office\MiKTeX\tex\generic\oberdiek\infwarerr.sty
Package: infwarerr 2007/09/09 v1.2 Providing info/warning/message (HO)
)
Package etexcmds Info: Could not find \expanded.
(etexcmds)             That can mean that you are not using pdfTeX 1.50 or
(etexcmds)             that some package has redefined \expanded.
(etexcmds)             In the latter case, load this package earlier.
)
(D:\Office\MiKTeX\tex\latex\00miktex\hyperref.cfg
File: hyperref.cfg 2002/06/06 v1.2 hyperref configuration of TeXLive
)
(D:\Office\MiKTeX\tex\latex\oberdiek\kvoptions.sty
Package: kvoptions 2009/08/13 v3.4 Keyval support for LaTeX options (HO)

(D:\Office\MiKTeX\tex\generic\oberdiek\kvsetkeys.sty
Package: kvsetkeys 2009/07/30 v1.5 Key value parser with default handler suppor
t (HO)
))
Package hyperref Info: Option `raiselinks' set `true' on input line 2864.
Package hyperref Info: Option `bookmarks' set `true' on input line 2864.
Package hyperref Info: Option `bookmarksopen' set `true' on input line 2864.
Package hyperref Info: Option `bookmarksnumbered' set `true' on input line 2864
.
Package hyperref Info: Option `hyperindex' set `true' on input line 2864.
Package hyperref Info: Option `plainpages' set `false' on input line 2864.
Package hyperref Info: Option `pdfpagelabels' set `true' on input line 2864.
Package hyperref Info: Option `colorlinks' set `false' on input line 2864.
Package hyperref Info: Hyper figures OFF on input line 2975.
Package hyperref Info: Link nesting OFF on input line 2980.
Package hyperref Info: Hyper index ON on input line 2983.
Package hyperref Info: Plain pages OFF on input line 2990.
Package hyperref Info: Backreferencing OFF on input line 2995.

Implicit mode ON; LaTeX internals redefined
Package hyperref Info: Bookmarks ON on input line 3191.
LaTeX Info: Redefining \url on input line 3428.
(D:\Office\MiKTeX\tex\generic\oberdiek\bitset.sty
Package: bitset 2007/09/28 v1.0 Data type bit set (HO)

(D:\Office\MiKTeX\tex\generic\oberdiek\intcalc.sty
Package: intcalc 2007/09/27 v1.1 Expandable integer calculations (HO)
)
(D:\Office\MiKTeX\tex\generic\oberdiek\bigintcalc.sty
Package: bigintcalc 2007/11/11 v1.1 Expandable big integer calculations (HO)

(D:\Office\MiKTeX\tex\generic\oberdiek\pdftexcmds.sty
Package: pdftexcmds 2009/09/23 v0.6 LuaTeX support for pdfTeX utility functions
 (HO)

(D:\Office\MiKTeX\tex\generic\oberdiek\ifluatex.sty
Package: ifluatex 2009/04/17 v1.2 Provides the ifluatex switch (HO)
Package ifluatex Info: LuaTeX not detected.
)
(D:\Office\MiKTeX\tex\generic\oberdiek\ltxcmds.sty
Package: ltxcmds 2009/08/05 v1.0 Some LaTeX kernel commands for general use (HO
)
)
Package pdftexcmds Info: LuaTeX not detected.
Package pdftexcmds Info: \pdf@primitive is available.
Package pdftexcmds Info: \pdf@ifprimitive is available.
)))
\Fld@menulength=\count146
\Field@Width=\dimen198
\Fld@charsize=\dimen199
\Field@toks=\toks32
Package hyperref Info: Hyper figures OFF on input line 4377.
Package hyperref Info: Link nesting OFF on input line 4382.
Package hyperref Info: Hyper index ON on input line 4385.
Package hyperref Info: backreferencing OFF on input line 4392.
Package hyperref Info: Link coloring OFF on input line 4397.
Package hyperref Info: Link coloring with OCG OFF on input line 4402.
Package hyperref Info: PDF/A mode OFF on input line 4407.

(D:\Office\MiKTeX\tex\generic\oberdiek\atbegshi.sty
Package: atbegshi 2008/07/31 v1.9 At begin shipout hook (HO)
)
\Hy@abspage=\count147
\c@Item=\count148
\c@Hfootnote=\count149
)
*hyperref using default driver hpdftex*
(D:\Office\MiKTeX\tex\latex\hyperref\hpdftex.def
File: hpdftex.def 2009/10/19 v6.79b Hyperref driver for pdfTeX
\Fld@listcount=\count150
)
(C:\Users\wo\AppData\Roaming\MiKTeX\2.8\tex\latex\babelbib\babelbib.sty
Package: babelbib 2009/10/10 v1.29 babelbib: multilingual bibliographies (HH)
)
\chapnolen=\skip71
\chapparlen=\skip72
\chapno=\box44
)

LaTeX Warning: Unused global option(s):
    [onepage].


("C:\Users\wo\Documents\Studium\WS1011\Labor Nanoelektronik\Nanolab-OLED\Ausarb
eitung\thesis.aux"
("C:\Users\wo\Documents\Studium\WS1011\Labor Nanoelektronik\Nanolab-OLED\Ausarb
eitung\titlepage.aux")
("C:\Users\wo\Documents\Studium\WS1011\Labor Nanoelektronik\Nanolab-OLED\Ausarb
eitung\introduction.aux")
("C:\Users\wo\Documents\Studium\WS1011\Labor Nanoelektronik\Nanolab-OLED\Ausarb
eitung\content.aux"))
LaTeX Font Info:    Checking defaults for OML/cmm/m/it on input line 97.
LaTeX Font Info:    ... okay on input line 97.
LaTeX Font Info:    Checking defaults for T1/cmr/m/n on input line 97.
LaTeX Font Info:    ... okay on input line 97.
LaTeX Font Info:    Checking defaults for OT1/cmr/m/n on input line 97.
LaTeX Font Info:    ... okay on input line 97.
LaTeX Font Info:    Checking defaults for OMS/cmsy/m/n on input line 97.
LaTeX Font Info:    ... okay on input line 97.
LaTeX Font Info:    Checking defaults for OMX/cmex/m/n on input line 97.
LaTeX Font Info:    ... okay on input line 97.
LaTeX Font Info:    Checking defaults for U/cmr/m/n on input line 97.
LaTeX Font Info:    ... okay on input line 97.
LaTeX Font Info:    Checking defaults for PD1/pdf/m/n on input line 97.
LaTeX Font Info:    ... okay on input line 97.
 (D:\Office\MiKTeX\tex\context\base\supp-pdf.tex
[Loading MPS to PDF converter (version 2006.09.02).]
\scratchcounter=\count151
\scratchdimen=\dimen200
\scratchbox=\box45
\nofMPsegments=\count152
\nofMParguments=\count153
\everyMPshowfont=\toks33
\MPscratchCnt=\count154
\MPscratchDim=\dimen201
\MPnumerator=\count155
\everyMPtoPDFconversion=\toks34
) ABD: EveryShipout initializing macros
Package caption Info: Begin \AtBeginDocument code.
Package caption Info: hyperref package is loaded.
Package caption Info: listings package is loaded.
Package caption Info: End \AtBeginDocument code.
\c@lstlisting=\count156
Package hyperref Info: Link coloring OFF on input line 97.

(D:\Office\MiKTeX\tex\latex\hyperref\nameref.sty
Package: nameref 2007/05/29 v2.31 Cross-referencing by name of section

(D:\Office\MiKTeX\tex\latex\oberdiek\refcount.sty
Package: refcount 2008/08/11 v3.1 Data extraction from references (HO)
)
\c@section@level=\count157
)
LaTeX Info: Redefining \ref on input line 97.
LaTeX Info: Redefining \pageref on input line 97.

("C:\Users\wo\Documents\Studium\WS1011\Labor Nanoelektronik\Nanolab-OLED\Ausarb
eitung\thesis.out")
("C:\Users\wo\Documents\Studium\WS1011\Labor Nanoelektronik\Nanolab-OLED\Ausarb
eitung\thesis.out")
\@outlinefile=\write4
\AtBeginShipoutBox=\box46

babelbib: Set bibliography fall-back language to ngerman
(C:\Users\wo\AppData\Roaming\MiKTeX\2.8\tex\latex\babelbib\german.bdf
File: german.bdf 2009/10/10 v1.29 babelbib: multilingual bibliographies (HH)

babelbib extension \btxifchangecaseoff added to \extrasgerman
babelbib extension \btxifchangecaseoff added to \extrasngerman
) (C:\Users\wo\AppData\Roaming\MiKTeX\2.8\tex\latex\babelbib\english.bdf
File: english.bdf 2009/10/10 v1.29 babelbib: multilingual bibliographies (HH)

babelbib extension \btxifchangecaseon added to \extrasenglish
)
babelbib: Load BibTeX extensions \bibsngerman for ngerman
babelbib: Set language for keywords in the bibliography fixed to ngerman
babelbib: Set language for keywords in the bibliography fixed to ngerman

("C:\Users\wo\Documents\Studium\WS1011\Labor Nanoelektronik\Nanolab-OLED\Ausarb
eitung\titlepage.tex" <logos/KITLogo_RGB.pdf, id=38, 196.46399pt x 90.77916pt>
File: logos/KITLogo_RGB.pdf Graphic file (type pdf)

<use logos/KITLogo_RGB.pdf>
LaTeX Font Info:    Try loading font information for T1+phv on input line 26.
 (D:\Office\MiKTeX\tex\latex\psnfss\t1phv.fd
File: t1phv.fd 2001/06/04 scalable font definitions for T1/phv.
)
LaTeX Font Info:    Try loading font information for U+msa on input line 48.

(D:\Office\MiKTeX\tex\latex\amsfonts\umsa.fd
File: umsa.fd 2009/06/22 v3.00 AMS symbols A
)
LaTeX Font Info:    Try loading font information for U+msb on input line 48.

(D:\Office\MiKTeX\tex\latex\amsfonts\umsb.fd
File: umsb.fd 2009/06/22 v3.00 AMS symbols B
)
LaTeX Font Info:    Font shape `T1/phv/bx/n' in size <14.4> not available
(Font)              Font shape `T1/phv/b/n' tried instead on input line 74.
 [1






{C:/Users/wo/AppData/Local/MiKTeX/2.8/pdftex/config/pdftex.map} <C:/Users/wo/Do
cuments/Studium/WS1011/Labor Nanoelektronik/Nanolab-OLED/Ausarbeitung/logos/KIT
Logo_RGB.pdf>]) [2




]
("C:\Users\wo\Documents\Studium\WS1011\Labor Nanoelektronik\Nanolab-OLED\Ausarb
eitung\thesis.toc"
Class scrbook Info: You've told me to use the font selection of the element
(scrbook)           `sectioning' that is an alias of element `disposition'
(scrbook)            on input line 2.
LaTeX Font Info:    Try loading font information for T1+aess on input line 2.
 (D:\Office\MiKTeX\tex\latex\ae\t1aess.fd
File: t1aess.fd 1997/11/16 Font definitions for T1/aess.
)
Class scrbook Info: You've told me to use the font selection of the element
(scrbook)           `sectioning' that is an alias of element `disposition'
(scrbook)            on input line 3.
Class scrbook Info: You've told me to use the font selection of the element
(scrbook)           `sectioning' that is an alias of element `disposition'
(scrbook)            on input line 5.
Class scrbook Info: You've told me to use the font selection of the element
(scrbook)           `sectioning' that is an alias of element `disposition'
(scrbook)            on input line 6.
Class scrbook Info: You've told me to use the font selection of the element
(scrbook)           `sectioning' that is an alias of element `disposition'
(scrbook)            on input line 11.
)
\tf@toc=\write5
 [3


] [4



]
("C:\Users\wo\Documents\Studium\WS1011\Labor Nanoelektronik\Nanolab-OLED\Ausarb
eitung\introduction.tex"
Kapitel 1.

Class scrbook Warning: \float@addtolists detected!
(scrbook)              You should use the features of package `tocbasic'
(scrbook)              instead of \float@addtolists.
(scrbook)              Support for \float@addtolists may be removed from
(scrbook)              `scrbook' soon .

) [1





]
("C:\Users\wo\Documents\Studium\WS1011\Labor Nanoelektronik\Nanolab-OLED\Ausarb
eitung\content.tex" [2




]
Kapitel 2.
[3] [4


]
Kapitel 3.

Overfull \hbox (19.03758pt too wide) in paragraph at lines 21--22
[]\T1/aer/m/n/12 Als nächs-tes wur-de ei-ne PEDOT:PSS-Wasser-Lösung im Ver-häll
t-nis 1:1 her-ge-stellt.[]\T1/aer/bx/n/12 (evtl
 []

)
Underfull \vbox (badness 10000) has occurred while \output is active []

 [5]
[6]
("C:\Users\wo\Documents\Studium\WS1011\Labor Nanoelektronik\Nanolab-OLED\Ausarb
eitung\thesis.bbl"
babelbib: Using the BibTeX style's default font for `name'.
babelbib: Using the BibTeX style's default font for `lastname'.
babelbib: Using the BibTeX style's default font for `title'.
babelbib: Using the BibTeX style's default font for `jtitle'.
babelbib: Using the BibTeX style's default font for `etal'.
babelbib: Using the BibTeX style's default font for `journal'.
babelbib: Using the BibTeX style's default font for `volume'.
babelbib: Using the BibTeX style's default font for `ISBN'.
babelbib: Using the BibTeX style's default font for `ISSN'.
babelbib: Using the BibTeX style's default font for `url'.
babelbib: Using the BibTeX style's default font for `numeral'.
) [7





] [8


]
("C:\Users\wo\Documents\Studium\WS1011\Labor Nanoelektronik\Nanolab-OLED\Ausarb
eitung\appendix.tex") [9


]
("C:\Users\wo\Documents\Studium\WS1011\Labor Nanoelektronik\Nanolab-OLED\Ausarb
eitung\thesis.aux"
("C:\Users\wo\Documents\Studium\WS1011\Labor Nanoelektronik\Nanolab-OLED\Ausarb
eitung\titlepage.aux")
("C:\Users\wo\Documents\Studium\WS1011\Labor Nanoelektronik\Nanolab-OLED\Ausarb
eitung\introduction.aux")
("C:\Users\wo\Documents\Studium\WS1011\Labor Nanoelektronik\Nanolab-OLED\Ausarb
eitung\content.aux")) ) 
Here is how much of TeX's memory you used:
 17061 strings out of 495285
 277449 string characters out of 3181349
 382897 words of memory out of 3000000
 19775 multiletter control sequences out of 15000+200000
 56745 words of font info for 101 fonts, out of 3000000 for 9000
 14 hyphenation exceptions out of 8191
 59i,11n,51p,1325b,371s stack positions out of 5000i,500n,10000p,200000b,50000s
{D:/Office/MiKTeX/fonts/enc/dvips/fontname/8r.enc}<D:/Of
fice/MiKTeX/fonts/type1/public/amsfonts/cm/cmbx10.pfb><D:/Office/MiKTeX/fonts/t
ype1/public/amsfonts/cm/cmbx12.pfb><D:/Office/MiKTeX/fonts/type1/public/amsfont
s/cm/cmr10.pfb><D:/Office/MiKTeX/fonts/type1/public/amsfonts/cm/cmr12.pfb><D:/O
ffice/MiKTeX/fonts/type1/public/amsfonts/cm/cmr8.pfb><D:/Office/MiKTeX/fonts/ty
pe1/public/amsfonts/cm/cmsl12.pfb><D:/Office/MiKTeX/fonts/type1/public/amsfonts
/cm/cmssbx10.pfb><D:/Office/MiKTeX/fonts/type1/public/amsfonts/cm/cmti12.pfb><D
:/Office/MiKTeX/fonts/type1/public/amsfonts/euler/eurm10.pfb><D:/Office/MiKTeX/
fonts/type1/urw/helvetic/uhvb8a.pfb><D:/Office/MiKTeX/fonts/type1/urw/helvetic/
uhvr8a.pfb>
Output written on thesis.pdf (13 pages, 150336 bytes).
PDF statistics:
 162 PDF objects out of 1000 (max. 8388607)
 26 named destinations out of 1000 (max. 500000)
 82 words of extra memory for PDF output out of 10000 (max. 10000000)

